C:\USERS\ALEX\DOCUMENTS\VISUAL STUDIO 2010\PROJECTS\GAUNTLET\DEBUG\GAUNTLET.EXE
C:\USERS\ALEX\DOCUMENTS\VISUAL STUDIO 2010\PROJECTS\GAUNTLET\DEBUG\GAUNTLET.ILK
C:\USERS\ALEX\DOCUMENTS\VISUAL STUDIO 2010\PROJECTS\GAUNTLET\DEBUG\GAUNTLET.PDB
C:\USERS\ALEX\DOCUMENTS\VISUAL STUDIO 2010\PROJECTS\GAUNTLET\GAUNTLET\DEBUG\GAUNTLET.EXE.INTERMEDIATE.MANIFEST
C:\USERS\ALEX\DOCUMENTS\VISUAL STUDIO 2010\PROJECTS\GAUNTLET\GAUNTLET\DEBUG\MAIN.OBJ
C:\USERS\ALEX\DOCUMENTS\VISUAL STUDIO 2010\PROJECTS\GAUNTLET\GAUNTLET\DEBUG\MAZEGENERATOR.OBJ
C:\USERS\ALEX\DOCUMENTS\VISUAL STUDIO 2010\PROJECTS\GAUNTLET\GAUNTLET\DEBUG\VC100.PDB
C:\USERS\ALEX\DROPBOX\GAUNTLET\DEBUG\GAUNTLET.EXE
C:\USERS\ALEX\DROPBOX\GAUNTLET\DEBUG\GAUNTLET.ILK
C:\USERS\ALEX\DROPBOX\GAUNTLET\DEBUG\GAUNTLET.PDB
C:\USERS\ALEX\DROPBOX\GAUNTLET\GAUNTLET\DEBUG\AIENTITY.OBJ
C:\USERS\ALEX\DROPBOX\GAUNTLET\GAUNTLET\DEBUG\ASTAR.OBJ
C:\USERS\ALEX\DROPBOX\GAUNTLET\GAUNTLET\DEBUG\BRESENHAMLINEALGORITHM.OBJ
C:\Users\Alex\Dropbox\Gauntlet\Gauntlet\Debug\cl.command.1.tlog
C:\Users\Alex\Dropbox\Gauntlet\Gauntlet\Debug\CL.read.1.tlog
C:\Users\Alex\Dropbox\Gauntlet\Gauntlet\Debug\CL.write.1.tlog
C:\USERS\ALEX\DROPBOX\GAUNTLET\GAUNTLET\DEBUG\ENTITY.OBJ
C:\USERS\ALEX\DROPBOX\GAUNTLET\GAUNTLET\DEBUG\ENTITYMANAGER.OBJ
C:\USERS\ALEX\DROPBOX\GAUNTLET\GAUNTLET\DEBUG\FIREATTARGET.OBJ
C:\USERS\ALEX\DROPBOX\GAUNTLET\GAUNTLET\DEBUG\GAMECAMERA.OBJ
C:\USERS\ALEX\DROPBOX\GAUNTLET\GAUNTLET\DEBUG\GAUNTLET.EXE.INTERMEDIATE.MANIFEST
C:\USERS\ALEX\DROPBOX\GAUNTLET\GAUNTLET\DEBUG\GETFREECELLS.OBJ
C:\USERS\ALEX\DROPBOX\GAUNTLET\GAUNTLET\DEBUG\HUMANCONTROLLEDENTITY.OBJ
C:\USERS\ALEX\DROPBOX\GAUNTLET\GAUNTLET\DEBUG\INT_ENHANCEMENTS.OBJ
C:\USERS\ALEX\DROPBOX\GAUNTLET\GAUNTLET\DEBUG\IRR_NODE_ENHANCEMENTS.OBJ
C:\USERS\ALEX\DROPBOX\GAUNTLET\GAUNTLET\DEBUG\IRR_VECTOR_ENHANCEMENTS.OBJ
C:\Users\Alex\Dropbox\Gauntlet\Gauntlet\Debug\link.command.1.tlog
C:\Users\Alex\Dropbox\Gauntlet\Gauntlet\Debug\link.read.1.tlog
C:\Users\Alex\Dropbox\Gauntlet\Gauntlet\Debug\link.write.1.tlog
C:\USERS\ALEX\DROPBOX\GAUNTLET\GAUNTLET\DEBUG\MAIN.OBJ
C:\USERS\ALEX\DROPBOX\GAUNTLET\GAUNTLET\DEBUG\MATH_ENHANCEMENTS.OBJ
C:\USERS\ALEX\DROPBOX\GAUNTLET\GAUNTLET\DEBUG\MAZEGENERATOR.OBJ
C:\USERS\ALEX\DROPBOX\GAUNTLET\GAUNTLET\DEBUG\MAZERENDERER.OBJ
C:\Users\Alex\Dropbox\Gauntlet\Gauntlet\Debug\mt.command.1.tlog
C:\Users\Alex\Dropbox\Gauntlet\Gauntlet\Debug\mt.read.1.tlog
C:\Users\Alex\Dropbox\Gauntlet\Gauntlet\Debug\mt.write.1.tlog
C:\USERS\ALEX\DROPBOX\GAUNTLET\GAUNTLET\DEBUG\PATHFINDING.OBJ
C:\USERS\ALEX\DROPBOX\GAUNTLET\GAUNTLET\DEBUG\STRING_ENHANCEMENTS.OBJ
C:\Users\Alex\Dropbox\Gauntlet\Gauntlet\Debug\vc100.idb
C:\USERS\ALEX\DROPBOX\GAUNTLET\GAUNTLET\DEBUG\VC100.PDB
C:\USERS\ALEX\DROPBOX\GAUNTLET\GAUNTLET\DEBUG\VECTOR_ENHANCEMENTS.OBJ
